19:49:07.523 [main] INFO  testCases.TC_001_AccountRegistrationTest - *********starting TC_001_AccountRegistrationTest*******
19:49:07.602 [main] INFO  testCases.TC_001_AccountRegistrationTest - Clicked on My Account Link
19:49:07.828 [main] INFO  testCases.TC_001_AccountRegistrationTest - Clicked on Register Link
19:49:07.829 [main] INFO  testCases.TC_001_AccountRegistrationTest - Clicking Customer Info
19:49:08.164 [main] INFO  testCases.TC_001_AccountRegistrationTest - Clicked on continue
19:49:08.574 [main] INFO  testCases.TC_001_AccountRegistrationTest - Finished Executing
20:24:18.328 [main] INFO  testCases.TC_001_AccountRegistrationTest - *********starting TC_001_AccountRegistrationTest*******
20:24:18.403 [main] INFO  testCases.TC_001_AccountRegistrationTest - Clicked on My Account Link
20:24:18.659 [main] INFO  testCases.TC_001_AccountRegistrationTest - Clicked on Register Link
20:24:18.661 [main] INFO  testCases.TC_001_AccountRegistrationTest - Clicking Customer Info
20:24:18.991 [main] INFO  testCases.TC_001_AccountRegistrationTest - Clicked on continue
20:24:19.325 [main] INFO  testCases.TC_001_AccountRegistrationTest - Finished Executing
20:28:58.332 [main] INFO  testCases.TC_001_AccountRegistrationTest - *********starting TC_001_AccountRegistrationTest*******
20:28:58.392 [main] INFO  testCases.TC_001_AccountRegistrationTest - Clicked on My Account Link
20:28:58.642 [main] INFO  testCases.TC_001_AccountRegistrationTest - Clicked on Register Link
20:28:58.646 [main] INFO  testCases.TC_001_AccountRegistrationTest - Clicking Customer Info
20:28:59.088 [main] INFO  testCases.TC_001_AccountRegistrationTest - Clicked on continue
20:28:59.626 [main] INFO  testCases.TC_001_AccountRegistrationTest - Finished Executing
12:41:05.447 [main] INFO  testCases.TC_001_AccountRegistrationTest - *********starting TC_001_AccountRegistrationTest*******
12:41:05.600 [main] INFO  testCases.TC_001_AccountRegistrationTest - Clicked on My Account Link
12:41:06.055 [main] INFO  testCases.TC_001_AccountRegistrationTest - Clicked on Register Link
12:41:06.057 [main] INFO  testCases.TC_001_AccountRegistrationTest - Clicking Customer Info
12:41:06.626 [main] INFO  testCases.TC_001_AccountRegistrationTest - Clicked on continue
12:41:07.156 [main] INFO  testCases.TC_001_AccountRegistrationTest - Finished Executing
12:44:03.374 [main] INFO  testCases.TC_001_AccountRegistrationTest - *********starting TC_001_AccountRegistrationTest*******
12:44:03.444 [main] INFO  testCases.TC_001_AccountRegistrationTest - Clicked on My Account Link
12:44:03.654 [main] INFO  testCases.TC_001_AccountRegistrationTest - Clicked on Register Link
12:44:03.656 [main] INFO  testCases.TC_001_AccountRegistrationTest - Clicking Customer Info
12:44:03.929 [main] INFO  testCases.TC_001_AccountRegistrationTest - Clicked on continue
12:44:04.228 [main] INFO  testCases.TC_001_AccountRegistrationTest - Finished Executing
12:45:13.299 [TestNG-tests-1] INFO  testCases.TC_001_AccountRegistrationTest - *********starting TC_001_AccountRegistrationTest*******
12:45:13.463 [TestNG-tests-1] INFO  testCases.TC_001_AccountRegistrationTest - Clicked on My Account Link
12:45:14.409 [TestNG-tests-1] INFO  testCases.TC_001_AccountRegistrationTest - Clicked on Register Link
12:45:14.412 [TestNG-tests-1] INFO  testCases.TC_001_AccountRegistrationTest - Clicking Customer Info
12:45:15.305 [TestNG-tests-1] INFO  testCases.TC_001_AccountRegistrationTest - Clicked on continue
12:45:15.725 [TestNG-tests-2] INFO  testCases.TC_001_AccountRegistrationTest - *********starting TC_001_AccountRegistrationTest*******
12:45:15.859 [TestNG-tests-2] INFO  testCases.TC_001_AccountRegistrationTest - Clicked on My Account Link
12:45:16.075 [TestNG-tests-1] INFO  testCases.TC_001_AccountRegistrationTest - Finished Executing
12:45:16.371 [TestNG-tests-2] INFO  testCases.TC_001_AccountRegistrationTest - Clicked on Register Link
12:45:16.373 [TestNG-tests-2] INFO  testCases.TC_001_AccountRegistrationTest - Clicking Customer Info
12:45:16.973 [TestNG-tests-2] INFO  testCases.TC_001_AccountRegistrationTest - Clicked on continue
12:45:17.453 [TestNG-tests-2] INFO  testCases.TC_001_AccountRegistrationTest - Finished Executing
15:56:58.819 [main] INFO  testCases.TC_001_AccountRegistrationTest - *********starting TC_001_AccountRegistrationTest*******
15:56:58.889 [main] INFO  testCases.TC_001_AccountRegistrationTest - Clicked on My Account Link
15:56:59.116 [main] INFO  testCases.TC_001_AccountRegistrationTest - Clicked on Register Link
15:56:59.118 [main] INFO  testCases.TC_001_AccountRegistrationTest - Clicking Customer Info
15:56:59.435 [main] INFO  testCases.TC_001_AccountRegistrationTest - Clicked on continue
15:56:59.724 [main] INFO  testCases.TC_001_AccountRegistrationTest - Finished Executing
16:49:34.007 [main] INFO  testCases.TC_001_AccountRegistrationTest - *********starting TC_001_AccountRegistrationTest*******
16:49:34.135 [main] INFO  testCases.TC_001_AccountRegistrationTest - Clicked on My Account Link
16:49:34.539 [main] INFO  testCases.TC_001_AccountRegistrationTest - Clicked on Register Link
16:49:34.541 [main] INFO  testCases.TC_001_AccountRegistrationTest - Clicking Customer Info
16:49:35.094 [main] INFO  testCases.TC_001_AccountRegistrationTest - Clicked on continue
16:49:35.581 [main] INFO  testCases.TC_001_AccountRegistrationTest - Finished Executing
16:51:33.532 [main] INFO  testCases.TC_001_AccountRegistrationTest - *********starting TC_001_AccountRegistrationTest*******
16:51:33.672 [main] INFO  testCases.TC_001_AccountRegistrationTest - Clicked on My Account Link
16:51:34.131 [main] INFO  testCases.TC_001_AccountRegistrationTest - Clicked on Register Link
16:51:34.133 [main] INFO  testCases.TC_001_AccountRegistrationTest - Clicking Customer Info
16:51:34.573 [main] INFO  testCases.TC_001_AccountRegistrationTest - Clicked on continue
21:10:09.354 [main] INFO  testCases.TC_003_LoginDataDrivenTest -  Starting TC_003_LoginDataDrivenTest 
21:10:10.486 [main] INFO  testCases.TC_003_LoginDataDrivenTest -  Starting TC_003_LoginDataDrivenTest 
21:10:20.813 [main] INFO  testCases.TC_003_LoginDataDrivenTest -  Finished TC_003_LoginDataDrivenTest
21:10:20.828 [main] INFO  testCases.TC_003_LoginDataDrivenTest -  Starting TC_003_LoginDataDrivenTest 
21:10:31.203 [main] INFO  testCases.TC_003_LoginDataDrivenTest -  Finished TC_003_LoginDataDrivenTest
21:10:31.203 [main] INFO  testCases.TC_003_LoginDataDrivenTest -  Starting TC_003_LoginDataDrivenTest 
21:10:41.567 [main] INFO  testCases.TC_003_LoginDataDrivenTest -  Finished TC_003_LoginDataDrivenTest
21:10:41.567 [main] INFO  testCases.TC_003_LoginDataDrivenTest -  Starting TC_003_LoginDataDrivenTest 
21:12:24.540 [main] INFO  testCases.TC_003_LoginDataDrivenTest -  Starting TC_003_LoginDataDrivenTest 
21:12:25.660 [main] INFO  testCases.TC_003_LoginDataDrivenTest -  Starting TC_003_LoginDataDrivenTest 
21:12:36.009 [main] INFO  testCases.TC_003_LoginDataDrivenTest -  Finished TC_003_LoginDataDrivenTest
21:12:36.009 [main] INFO  testCases.TC_003_LoginDataDrivenTest -  Starting TC_003_LoginDataDrivenTest 
21:12:46.363 [main] INFO  testCases.TC_003_LoginDataDrivenTest -  Finished TC_003_LoginDataDrivenTest
21:12:46.364 [main] INFO  testCases.TC_003_LoginDataDrivenTest -  Starting TC_003_LoginDataDrivenTest 
21:12:56.734 [main] INFO  testCases.TC_003_LoginDataDrivenTest -  Finished TC_003_LoginDataDrivenTest
21:12:56.736 [main] INFO  testCases.TC_003_LoginDataDrivenTest -  Starting TC_003_LoginDataDrivenTest 
21:17:08.017 [main] INFO  testCases.TC_003_LoginDataDrivenTest -  Starting TC_003_LoginDataDrivenTest 
21:17:09.171 [main] INFO  testCases.TC_003_LoginDataDrivenTest -  Starting TC_003_LoginDataDrivenTest 
21:17:19.549 [main] INFO  testCases.TC_003_LoginDataDrivenTest -  Finished TC_003_LoginDataDrivenTest
21:17:19.561 [main] INFO  testCases.TC_003_LoginDataDrivenTest -  Starting TC_003_LoginDataDrivenTest 
21:17:29.940 [main] INFO  testCases.TC_003_LoginDataDrivenTest -  Finished TC_003_LoginDataDrivenTest
21:17:29.940 [main] INFO  testCases.TC_003_LoginDataDrivenTest -  Starting TC_003_LoginDataDrivenTest 
21:17:40.347 [main] INFO  testCases.TC_003_LoginDataDrivenTest -  Finished TC_003_LoginDataDrivenTest
21:17:40.347 [main] INFO  testCases.TC_003_LoginDataDrivenTest -  Starting TC_003_LoginDataDrivenTest 
21:19:49.244 [main] INFO  testCases.TC_003_LoginDataDrivenTest -  Starting TC_003_LoginDataDrivenTest 
21:19:50.387 [main] INFO  testCases.TC_003_LoginDataDrivenTest -  Starting TC_003_LoginDataDrivenTest 
21:20:00.697 [main] INFO  testCases.TC_003_LoginDataDrivenTest -  Finished TC_003_LoginDataDrivenTest
21:20:00.697 [main] INFO  testCases.TC_003_LoginDataDrivenTest -  Starting TC_003_LoginDataDrivenTest 
21:20:11.064 [main] INFO  testCases.TC_003_LoginDataDrivenTest -  Finished TC_003_LoginDataDrivenTest
21:20:11.064 [main] INFO  testCases.TC_003_LoginDataDrivenTest -  Starting TC_003_LoginDataDrivenTest 
21:20:21.470 [main] INFO  testCases.TC_003_LoginDataDrivenTest -  Finished TC_003_LoginDataDrivenTest
21:20:21.470 [main] INFO  testCases.TC_003_LoginDataDrivenTest -  Starting TC_003_LoginDataDrivenTest 
21:20:22.212 [main] INFO  testCases.TC_003_LoginDataDrivenTest -  Finished TC_003_LoginDataDrivenTest
21:21:31.182 [main] INFO  testCases.TC_003_LoginDataDrivenTest -  Starting TC_003_LoginDataDrivenTest 
21:21:32.287 [main] INFO  testCases.TC_003_LoginDataDrivenTest -  Starting TC_003_LoginDataDrivenTest 
21:21:42.666 [main] INFO  testCases.TC_003_LoginDataDrivenTest -  Finished TC_003_LoginDataDrivenTest
21:21:42.681 [main] INFO  testCases.TC_003_LoginDataDrivenTest -  Starting TC_003_LoginDataDrivenTest 
21:21:53.088 [main] INFO  testCases.TC_003_LoginDataDrivenTest -  Finished TC_003_LoginDataDrivenTest
21:21:53.088 [main] INFO  testCases.TC_003_LoginDataDrivenTest -  Starting TC_003_LoginDataDrivenTest 
21:22:03.505 [main] INFO  testCases.TC_003_LoginDataDrivenTest -  Finished TC_003_LoginDataDrivenTest
21:22:03.505 [main] INFO  testCases.TC_003_LoginDataDrivenTest -  Starting TC_003_LoginDataDrivenTest 
21:22:04.269 [main] INFO  testCases.TC_003_LoginDataDrivenTest -  Finished TC_003_LoginDataDrivenTest
21:23:32.273 [main] INFO  testCases.TC_003_LoginDataDrivenTest -  Starting TC_003_LoginDataDrivenTest 
21:23:33.590 [main] INFO  testCases.TC_003_LoginDataDrivenTest -  Starting TC_003_LoginDataDrivenTest 
21:23:43.978 [main] INFO  testCases.TC_003_LoginDataDrivenTest -  Finished TC_003_LoginDataDrivenTest
21:23:43.980 [main] INFO  testCases.TC_003_LoginDataDrivenTest -  Starting TC_003_LoginDataDrivenTest 
21:23:54.333 [main] INFO  testCases.TC_003_LoginDataDrivenTest -  Finished TC_003_LoginDataDrivenTest
21:23:54.336 [main] INFO  testCases.TC_003_LoginDataDrivenTest -  Starting TC_003_LoginDataDrivenTest 
21:24:04.731 [main] INFO  testCases.TC_003_LoginDataDrivenTest -  Finished TC_003_LoginDataDrivenTest
21:24:04.734 [main] INFO  testCases.TC_003_LoginDataDrivenTest -  Starting TC_003_LoginDataDrivenTest 
21:24:05.593 [main] INFO  testCases.TC_003_LoginDataDrivenTest -  Finished TC_003_LoginDataDrivenTest
21:25:15.342 [main] INFO  testCases.TC_003_LoginDataDrivenTest -  Starting TC_003_LoginDataDrivenTest 
21:25:16.406 [main] INFO  testCases.TC_003_LoginDataDrivenTest -  Starting TC_003_LoginDataDrivenTest 
21:25:26.760 [main] INFO  testCases.TC_003_LoginDataDrivenTest -  Finished TC_003_LoginDataDrivenTest
21:25:26.761 [main] INFO  testCases.TC_003_LoginDataDrivenTest -  Starting TC_003_LoginDataDrivenTest 
21:25:37.096 [main] INFO  testCases.TC_003_LoginDataDrivenTest -  Finished TC_003_LoginDataDrivenTest
21:25:37.099 [main] INFO  testCases.TC_003_LoginDataDrivenTest -  Starting TC_003_LoginDataDrivenTest 
21:25:47.510 [main] INFO  testCases.TC_003_LoginDataDrivenTest -  Finished TC_003_LoginDataDrivenTest
21:25:47.512 [main] INFO  testCases.TC_003_LoginDataDrivenTest -  Starting TC_003_LoginDataDrivenTest 
21:25:48.277 [main] INFO  testCases.TC_003_LoginDataDrivenTest -  Finished TC_003_LoginDataDrivenTest
21:26:56.127 [main] INFO  testCases.TC_003_LoginDataDrivenTest -  Starting TC_003_LoginDataDrivenTest 
21:26:56.963 [main] INFO  testCases.TC_003_LoginDataDrivenTest -  Finished TC_003_LoginDataDrivenTest
21:26:56.973 [main] INFO  testCases.TC_003_LoginDataDrivenTest -  Starting TC_003_LoginDataDrivenTest 
21:27:07.694 [main] INFO  testCases.TC_003_LoginDataDrivenTest -  Starting TC_003_LoginDataDrivenTest 
21:27:18.504 [main] INFO  testCases.TC_003_LoginDataDrivenTest -  Starting TC_003_LoginDataDrivenTest 
21:27:29.281 [main] INFO  testCases.TC_003_LoginDataDrivenTest -  Starting TC_003_LoginDataDrivenTest 
21:27:30.090 [main] INFO  testCases.TC_003_LoginDataDrivenTest -  Finished TC_003_LoginDataDrivenTest
21:28:55.762 [main] INFO  testCases.TC_003_LoginDataDrivenTest -  Starting TC_003_LoginDataDrivenTest 
21:28:56.536 [main] INFO  testCases.TC_003_LoginDataDrivenTest -  Finished TC_003_LoginDataDrivenTest
21:28:56.545 [main] INFO  testCases.TC_003_LoginDataDrivenTest -  Starting TC_003_LoginDataDrivenTest 
21:29:06.898 [main] INFO  testCases.TC_003_LoginDataDrivenTest -  Finished TC_003_LoginDataDrivenTest
21:29:06.900 [main] INFO  testCases.TC_003_LoginDataDrivenTest -  Starting TC_003_LoginDataDrivenTest 
21:29:17.259 [main] INFO  testCases.TC_003_LoginDataDrivenTest -  Finished TC_003_LoginDataDrivenTest
21:29:17.260 [main] INFO  testCases.TC_003_LoginDataDrivenTest -  Starting TC_003_LoginDataDrivenTest 
21:29:27.687 [main] INFO  testCases.TC_003_LoginDataDrivenTest -  Finished TC_003_LoginDataDrivenTest
21:29:27.689 [main] INFO  testCases.TC_003_LoginDataDrivenTest -  Starting TC_003_LoginDataDrivenTest 
21:29:28.436 [main] INFO  testCases.TC_003_LoginDataDrivenTest -  Finished TC_003_LoginDataDrivenTest
21:57:24.334 [main] INFO  testCases.TC_001_AccountRegistrationTest - *********starting TC_001_AccountRegistrationTest*******
21:57:24.408 [main] INFO  testCases.TC_001_AccountRegistrationTest - Clicked on My Account Link
21:57:24.635 [main] INFO  testCases.TC_001_AccountRegistrationTest - Clicked on Register Link
21:57:24.637 [main] INFO  testCases.TC_001_AccountRegistrationTest - Clicking Customer Info
21:57:24.897 [main] INFO  testCases.TC_001_AccountRegistrationTest - Clicked on continue
21:57:25.177 [main] INFO  testCases.TC_001_AccountRegistrationTest - Finished Executing
19:07:49.430 [main] INFO  testCases.TC_001_AccountRegistrationTest - *********starting TC_001_AccountRegistrationTest*******
19:07:49.500 [main] INFO  testCases.TC_001_AccountRegistrationTest - Clicked on My Account Link
19:07:49.709 [main] INFO  testCases.TC_001_AccountRegistrationTest - Clicked on Register Link
19:07:49.710 [main] INFO  testCases.TC_001_AccountRegistrationTest - Clicking Customer Info
19:07:49.951 [main] INFO  testCases.TC_001_AccountRegistrationTest - Clicked on continue
19:07:50.230 [main] INFO  testCases.TC_001_AccountRegistrationTest - Finished Executing
19:27:59.197 [main] INFO  testCases.TC_003_LoginDataDrivenTest -  Starting TC_003_LoginDataDrivenTest 
19:28:00.103 [main] INFO  testCases.TC_003_LoginDataDrivenTest -  Finished TC_003_LoginDataDrivenTest
19:28:00.111 [main] INFO  testCases.TC_003_LoginDataDrivenTest -  Starting TC_003_LoginDataDrivenTest 
19:28:10.470 [main] INFO  testCases.TC_003_LoginDataDrivenTest -  Finished TC_003_LoginDataDrivenTest
19:28:10.470 [main] INFO  testCases.TC_003_LoginDataDrivenTest -  Starting TC_003_LoginDataDrivenTest 
19:28:20.801 [main] INFO  testCases.TC_003_LoginDataDrivenTest -  Finished TC_003_LoginDataDrivenTest
19:28:20.802 [main] INFO  testCases.TC_003_LoginDataDrivenTest -  Starting TC_003_LoginDataDrivenTest 
19:28:31.125 [main] INFO  testCases.TC_003_LoginDataDrivenTest -  Finished TC_003_LoginDataDrivenTest
19:28:31.126 [main] INFO  testCases.TC_003_LoginDataDrivenTest -  Starting TC_003_LoginDataDrivenTest 
19:28:31.936 [main] INFO  testCases.TC_003_LoginDataDrivenTest -  Finished TC_003_LoginDataDrivenTest
19:59:27.156 [main] INFO  testCases.TC_003_LoginDataDrivenTest -  Starting TC_003_LoginDataDrivenTest 
19:59:28.289 [main] INFO  testCases.TC_003_LoginDataDrivenTest -  Finished TC_003_LoginDataDrivenTest
19:59:28.297 [main] INFO  testCases.TC_003_LoginDataDrivenTest -  Starting TC_003_LoginDataDrivenTest 
19:59:38.673 [main] INFO  testCases.TC_003_LoginDataDrivenTest -  Finished TC_003_LoginDataDrivenTest
19:59:38.679 [main] INFO  testCases.TC_003_LoginDataDrivenTest -  Starting TC_003_LoginDataDrivenTest 
19:59:49.052 [main] INFO  testCases.TC_003_LoginDataDrivenTest -  Finished TC_003_LoginDataDrivenTest
19:59:49.059 [main] INFO  testCases.TC_003_LoginDataDrivenTest -  Starting TC_003_LoginDataDrivenTest 
19:59:59.559 [main] INFO  testCases.TC_003_LoginDataDrivenTest -  Finished TC_003_LoginDataDrivenTest
19:59:59.559 [main] INFO  testCases.TC_003_LoginDataDrivenTest -  Starting TC_003_LoginDataDrivenTest 
20:00:00.550 [main] INFO  testCases.TC_003_LoginDataDrivenTest -  Finished TC_003_LoginDataDrivenTest
20:01:56.037 [main] INFO  testCases.TC_001_AccountRegistrationTest - *********starting TC_001_AccountRegistrationTest*******
20:01:56.115 [main] INFO  testCases.TC_001_AccountRegistrationTest - Clicked on My Account Link
20:01:56.421 [main] INFO  testCases.TC_001_AccountRegistrationTest - Clicked on Register Link
20:01:56.424 [main] INFO  testCases.TC_001_AccountRegistrationTest - Clicking Customer Info
20:01:56.746 [main] INFO  testCases.TC_001_AccountRegistrationTest - Clicked on continue
20:01:57.112 [main] INFO  testCases.TC_001_AccountRegistrationTest - Finished Executing
20:02:37.968 [main] INFO  testCases.TC_001_AccountRegistrationTest - *********starting TC_001_AccountRegistrationTest*******
20:02:38.042 [main] INFO  testCases.TC_001_AccountRegistrationTest - Clicked on My Account Link
20:02:38.272 [main] INFO  testCases.TC_001_AccountRegistrationTest - Clicked on Register Link
20:02:38.273 [main] INFO  testCases.TC_001_AccountRegistrationTest - Clicking Customer Info
20:02:38.533 [main] INFO  testCases.TC_001_AccountRegistrationTest - Clicked on continue
20:02:38.970 [main] INFO  testCases.TC_001_AccountRegistrationTest - Finished Executing
20:07:54.720 [main] INFO  testCases.TC_001_AccountRegistrationTest - *********starting TC_001_AccountRegistrationTest*******
20:07:54.812 [main] INFO  testCases.TC_001_AccountRegistrationTest - Clicked on My Account Link
20:07:55.034 [main] INFO  testCases.TC_001_AccountRegistrationTest - Clicked on Register Link
20:07:55.036 [main] INFO  testCases.TC_001_AccountRegistrationTest - Clicking Customer Info
20:07:55.289 [main] INFO  testCases.TC_001_AccountRegistrationTest - Clicked on continue
20:07:55.636 [main] INFO  testCases.TC_001_AccountRegistrationTest - Finished Executing
00:13:36.318 [main] INFO  testCases.TC_001_AccountRegistrationTest - *********starting TC_001_AccountRegistrationTest*******
00:13:36.386 [main] INFO  testCases.TC_001_AccountRegistrationTest - Clicked on My Account Link
00:13:36.613 [main] INFO  testCases.TC_001_AccountRegistrationTest - Clicked on Register Link
00:13:36.614 [main] INFO  testCases.TC_001_AccountRegistrationTest - Clicking Customer Info
00:13:36.872 [main] INFO  testCases.TC_001_AccountRegistrationTest - Clicked on continue
00:13:37.175 [main] INFO  testCases.TC_001_AccountRegistrationTest - Finished Executing
00:30:09.173 [main] INFO  testCases.TC_001_AccountRegistrationTest - *********starting TC_001_AccountRegistrationTest*******
00:30:09.328 [main] INFO  testCases.TC_001_AccountRegistrationTest - Clicked on My Account Link
00:30:09.769 [main] INFO  testCases.TC_001_AccountRegistrationTest - Clicked on Register Link
00:30:09.771 [main] INFO  testCases.TC_001_AccountRegistrationTest - Clicking Customer Info
00:30:10.266 [main] INFO  testCases.TC_001_AccountRegistrationTest - Clicked on continue
00:30:10.727 [main] INFO  testCases.TC_001_AccountRegistrationTest - Finished Executing
20:16:13.363 [main] INFO  stepDefinitions.steps - Clicked on My Account 
20:16:13.641 [main] INFO  stepDefinitions.steps - Clicked on Login 
20:16:13.828 [main] INFO  stepDefinitions.steps - Provided Email 
20:16:13.910 [main] INFO  stepDefinitions.steps - Provided Password 
20:16:13.981 [main] INFO  stepDefinitions.steps - Clicked on Login button
20:16:14.383 [main] INFO  stepDefinitions.steps - Login Success 
20:20:39.264 [main] INFO  stepDefinitions.steps - Clicked on My Account 
20:20:39.514 [main] INFO  stepDefinitions.steps - Clicked on Login 
20:20:39.620 [main] INFO  stepDefinitions.steps - Provided Email 
20:20:39.687 [main] INFO  stepDefinitions.steps - Provided Password 
20:20:39.734 [main] INFO  stepDefinitions.steps - Clicked on Login button
20:20:39.952 [main] INFO  stepDefinitions.steps - Login Success 
17:31:02.800 [main] INFO  stepDefinitions.steps - Clicked on My Account 
17:31:03.054 [main] INFO  stepDefinitions.steps - Clicked on Login 
17:31:05.862 [main] INFO  stepDefinitions.steps - Clicked on My Account 
17:31:06.110 [main] INFO  stepDefinitions.steps - Clicked on Login 
17:31:08.517 [main] INFO  stepDefinitions.steps - Clicked on My Account 
17:31:08.792 [main] INFO  stepDefinitions.steps - Clicked on Login 
17:35:29.133 [main] INFO  stepDefinitions.steps - Clicked on My Account 
17:35:29.339 [main] INFO  stepDefinitions.steps - Clicked on Login 
17:35:32.086 [main] INFO  stepDefinitions.steps - Clicked on My Account 
17:35:32.315 [main] INFO  stepDefinitions.steps - Clicked on Login 
17:35:34.777 [main] INFO  stepDefinitions.steps - Clicked on My Account 
17:35:34.982 [main] INFO  stepDefinitions.steps - Clicked on Login 
17:35:37.317 [main] INFO  stepDefinitions.steps - Clicked on My Account 
17:35:37.528 [main] INFO  stepDefinitions.steps - Clicked on Login 
17:35:39.762 [main] INFO  stepDefinitions.steps - Clicked on My Account 
17:35:39.957 [main] INFO  stepDefinitions.steps - Clicked on Login 
17:39:42.795 [main] INFO  stepDefinitions.steps - Clicked on My Account 
17:39:43.019 [main] INFO  stepDefinitions.steps - Clicked on Login 
17:39:43.134 [main] INFO  stepDefinitions.steps - Provided Email 
17:39:43.201 [main] INFO  stepDefinitions.steps - Provided Password 
17:39:43.263 [main] INFO  stepDefinitions.steps - Clicked on Login button
17:39:43.601 [main] INFO  stepDefinitions.steps - Login Success 
17:39:47.104 [main] INFO  stepDefinitions.steps - Clicked on My Account 
17:39:47.656 [main] INFO  stepDefinitions.steps - Clicked on Login 
17:39:47.852 [main] INFO  stepDefinitions.steps - Provided Email 
17:39:47.977 [main] INFO  stepDefinitions.steps - Provided Password 
17:39:48.092 [main] INFO  stepDefinitions.steps - Clicked on Login button
17:39:58.167 [main] ERROR stepDefinitions.steps - Login Failed 
17:40:00.433 [main] INFO  stepDefinitions.steps - Clicked on My Account 
17:40:00.680 [main] INFO  stepDefinitions.steps - Clicked on Login 
17:40:00.768 [main] INFO  stepDefinitions.steps - Provided Email 
17:40:00.845 [main] INFO  stepDefinitions.steps - Provided Password 
17:40:00.910 [main] INFO  stepDefinitions.steps - Clicked on Login button
17:40:01.243 [main] INFO  stepDefinitions.steps - Login Success 
17:40:04.937 [main] INFO  stepDefinitions.steps - Clicked on My Account 
17:40:05.293 [main] INFO  stepDefinitions.steps - Clicked on Login 
17:40:10.350 [main] INFO  stepDefinitions.steps - Clicked on My Account 
17:40:10.668 [main] INFO  stepDefinitions.steps - Clicked on Login 
17:40:14.604 [main] INFO  stepDefinitions.steps - Clicked on My Account 
17:40:14.918 [main] INFO  stepDefinitions.steps - Clicked on Login 
17:46:15.151 [main] INFO  stepDefinitions.steps - Clicked on My Account 
17:46:15.371 [main] INFO  stepDefinitions.steps - Clicked on Login 
17:46:15.459 [main] INFO  stepDefinitions.steps - Provided Email 
17:46:15.514 [main] INFO  stepDefinitions.steps - Provided Password 
17:46:15.557 [main] INFO  stepDefinitions.steps - Clicked on Login button
17:46:25.610 [main] ERROR stepDefinitions.steps - Login Failed 
17:47:23.142 [main] INFO  stepDefinitions.steps - Clicked on My Account 
17:47:23.406 [main] INFO  stepDefinitions.steps - Clicked on Login 
17:47:23.504 [main] INFO  stepDefinitions.steps - Provided Email 
17:47:23.559 [main] INFO  stepDefinitions.steps - Provided Password 
17:47:23.605 [main] INFO  stepDefinitions.steps - Clicked on Login button
17:47:23.858 [main] INFO  stepDefinitions.steps - Login Success 
17:59:36.714 [main] INFO  stepDefinitions.steps - Clicked on My Account 
17:59:36.958 [main] INFO  stepDefinitions.steps - Clicked on Login 
17:59:37.074 [main] INFO  stepDefinitions.steps - Provided Email 
17:59:37.141 [main] INFO  stepDefinitions.steps - Provided Password 
17:59:37.191 [main] INFO  stepDefinitions.steps - Clicked on Login button
17:59:37.435 [main] INFO  stepDefinitions.steps - Login Success 
18:02:30.754 [main] INFO  stepDefinitions.steps - Clicked on My Account 
18:02:30.957 [main] INFO  stepDefinitions.steps - Clicked on Login 
18:02:31.041 [main] INFO  stepDefinitions.steps - Provided Email 
18:02:31.096 [main] INFO  stepDefinitions.steps - Provided Password 
18:02:31.138 [main] INFO  stepDefinitions.steps - Clicked on Login button
18:02:31.353 [main] INFO  stepDefinitions.steps - Login Success 
18:10:46.117 [main] INFO  stepDefinitions.steps - Clicked on My Account 
18:10:46.318 [main] INFO  stepDefinitions.steps - Clicked on Login 
18:10:46.444 [main] INFO  stepDefinitions.steps - Provided Email 
18:10:46.492 [main] INFO  stepDefinitions.steps - Provided Password 
18:10:46.534 [main] INFO  stepDefinitions.steps - Clicked on Login button
18:10:46.749 [main] INFO  stepDefinitions.steps - Login Success 
18:12:22.299 [main] INFO  stepDefinitions.steps - Clicked on My Account 
18:12:22.526 [main] INFO  stepDefinitions.steps - Clicked on Login 
18:12:22.613 [main] INFO  stepDefinitions.steps - Provided Email 
18:12:22.667 [main] INFO  stepDefinitions.steps - Provided Password 
18:12:22.710 [main] INFO  stepDefinitions.steps - Clicked on Login button
18:12:22.922 [main] INFO  stepDefinitions.steps - Login Success 
